0 info it worked if it ends with ok
1 verbose cli [ 'C:\\Program Files\\nodejs\\node.exe',
1 verbose cli   'C:\\Program Files\\nodejs\\node_modules\\npm\\bin\\npm-cli.js',
1 verbose cli   'run',
1 verbose cli   'loc' ]
2 info using npm@3.10.8
3 info using node@v6.9.1
4 verbose run-script [ 'preloc', 'loc', 'postloc' ]
5 info lifecycle Pro-Teaching-Temps@1.0.0~preloc: Pro-Teaching-Temps@1.0.0
6 silly lifecycle Pro-Teaching-Temps@1.0.0~preloc: no script for preloc, continuing
7 info lifecycle Pro-Teaching-Temps@1.0.0~loc: Pro-Teaching-Temps@1.0.0
8 verbose lifecycle Pro-Teaching-Temps@1.0.0~loc: unsafe-perm in lifecycle true
9 verbose lifecycle Pro-Teaching-Temps@1.0.0~loc: PATH: C:\Program Files\nodejs\node_modules\npm\bin\node-gyp-bin;C:\Startups\chartertempsnew\charter-temps-app\node_modules\.bin;c:\Program Files (x86)\Intel\iCLS Client\;c:\Program Files\Intel\iCLS Client\;C:\Windows\system32;C:\Windows;C:\Windows\System32\Wbem;C:\Windows\System32\WindowsPowerShell\v1.0\;C:\Program Files\Intel\Intel(R) Management Engine Components\DAL;C:\Program Files\Intel\Intel(R) Management Engine Components\IPT;C:\Program Files (x86)\Intel\Intel(R) Management Engine Components\DAL;C:\Program Files (x86)\Intel\Intel(R) Management Engine Components\IPT;C:\Program Files\Intel\WiFi\bin\;C:\Program Files\Common Files\Intel\WirelessCommon\;C:\Program Files (x86)\Windows Live\Shared;C:\Program Files (x86)\Windows Kits\8.1\Windows Performance Toolkit\;C:\Program Files\Microsoft SQL Server\110\Tools\Binn\;c:\Program Files (x86)\Microsoft SQL Server\110\Tools\Binn\ManagementStudio\;c:\Program Files (x86)\Microsoft SQL Server\110\Tools\Binn\;c:\Program Files (x86)\Microsoft SQL Server\110\DTS\Binn\;c:\Program Files\Microsoft SQL Server\110\DTS\Binn\;C:\Program Files\Git\cmd;C:\Program Files\Git\bin;C:\Program Files\Git\cmd;C:\Program Files\nodejs\;C:\Program Files (x86)\Skype\Phone\;C:\Program Files\Amazon\AWSCLI\;C:\Program Files\PuTTY\;C:\Users\skmekala\AppData\Local\atom\bin;C:\Users\skmekala\AppData\Roaming\npm;C:\Program Files\Microsoft VS Code\bin
10 verbose lifecycle Pro-Teaching-Temps@1.0.0~loc: CWD: C:\Startups\chartertempsnew\charter-temps-app
11 silly lifecycle Pro-Teaching-Temps@1.0.0~loc: Args: [ '/d /s /c',
11 silly lifecycle   'npm-run-all --parallel lint-watch start-nodemon' ]
12 silly lifecycle Pro-Teaching-Temps@1.0.0~loc: Returned: code: 1  signal: null
13 info lifecycle Pro-Teaching-Temps@1.0.0~loc: Failed to exec loc script
14 verbose stack Error: Pro-Teaching-Temps@1.0.0 loc: `npm-run-all --parallel lint-watch start-nodemon`
14 verbose stack Exit status 1
14 verbose stack     at EventEmitter.<anonymous> (C:\Program Files\nodejs\node_modules\npm\lib\utils\lifecycle.js:255:16)
14 verbose stack     at emitTwo (events.js:106:13)
14 verbose stack     at EventEmitter.emit (events.js:191:7)
14 verbose stack     at ChildProcess.<anonymous> (C:\Program Files\nodejs\node_modules\npm\lib\utils\spawn.js:40:14)
14 verbose stack     at emitTwo (events.js:106:13)
14 verbose stack     at ChildProcess.emit (events.js:191:7)
14 verbose stack     at maybeClose (internal/child_process.js:877:16)
14 verbose stack     at Process.ChildProcess._handle.onexit (internal/child_process.js:226:5)
15 verbose pkgid Pro-Teaching-Temps@1.0.0
16 verbose cwd C:\Startups\chartertempsnew\charter-temps-app
17 error Windows_NT 6.3.9600
18 error argv "C:\\Program Files\\nodejs\\node.exe" "C:\\Program Files\\nodejs\\node_modules\\npm\\bin\\npm-cli.js" "run" "loc"
19 error node v6.9.1
20 error npm  v3.10.8
21 error code ELIFECYCLE
22 error Pro-Teaching-Temps@1.0.0 loc: `npm-run-all --parallel lint-watch start-nodemon`
22 error Exit status 1
23 error Failed at the Pro-Teaching-Temps@1.0.0 loc script 'npm-run-all --parallel lint-watch start-nodemon'.
23 error Make sure you have the latest version of node.js and npm installed.
23 error If you do, this is most likely a problem with the Pro-Teaching-Temps package,
23 error not with npm itself.
23 error Tell the author that this fails on your system:
23 error     npm-run-all --parallel lint-watch start-nodemon
23 error You can get information on how to open an issue for this project with:
23 error     npm bugs Pro-Teaching-Temps
23 error Or if that isn't available, you can get their info via:
23 error     npm owner ls Pro-Teaching-Temps
23 error There is likely additional logging output above.
24 verbose exit [ 1, true ]
